Traceback (most recent call last):
  File "/usr/share/miniconda/lib/python3.9/site-packages/jupyter_cache/executors/utils.py", line 51, in single_nb_execution
    executenb(
  File "/usr/share/miniconda/lib/python3.9/site-packages/nbclient/client.py", line 1204, in execute
    return NotebookClient(nb=nb, resources=resources, km=km, **kwargs).execute()
  File "/usr/share/miniconda/lib/python3.9/site-packages/nbclient/util.py", line 84, in wrapped
    return just_run(coro(*args, **kwargs))
  File "/usr/share/miniconda/lib/python3.9/site-packages/nbclient/util.py", line 62, in just_run
    return loop.run_until_complete(coro)
  File "/usr/share/miniconda/lib/python3.9/asyncio/base_events.py", line 647, in run_until_complete
    return future.result()
  File "/usr/share/miniconda/lib/python3.9/site-packages/nbclient/client.py", line 663, in async_execute
    await self.async_execute_cell(
  File "/usr/share/miniconda/lib/python3.9/site-packages/nbclient/client.py", line 965, in async_execute_cell
    await self._check_raise_for_error(cell, cell_index, exec_reply)
  File "/usr/share/miniconda/lib/python3.9/site-packages/nbclient/client.py", line 862, in _check_raise_for_error
    raise CellExecutionError.from_cell_and_msg(cell, exec_reply_content)
nbclient.exceptions.CellExecutionError: An error occurred while executing the following cell:
------------------
import os
import shutil

from astropy.io import fits
from astroquery.mast import Observations
from astropy.visualization import astropy_mpl_style,LogStretch,ImageNormalize,LinearStretch
from IPython.display import Image
import matplotlib.pyplot as plt
import pyregion

import acstools
from acstools.satdet import detsat, make_mask, update_dq
from drizzlepac.astrodrizzle import AstroDrizzle as adriz

%matplotlib inline
------------------

[0;31m---------------------------------------------------------------------------[0m
[0;31mModuleNotFoundError[0m                       Traceback (most recent call last)
Cell [0;32mIn [1], line 11[0m
[1;32m      8[0m [38;5;28;01mimport[39;00m [38;5;21;01mmatplotlib[39;00m[38;5;21;01m.[39;00m[38;5;21;01mpyplot[39;00m [38;5;28;01mas[39;00m [38;5;21;01mplt[39;00m
[1;32m      9[0m [38;5;28;01mimport[39;00m [38;5;21;01mpyregion[39;00m
[0;32m---> 11[0m [38;5;28;01mimport[39;00m [38;5;21;01macstools[39;00m
[1;32m     12[0m [38;5;28;01mfrom[39;00m [38;5;21;01macstools[39;00m[38;5;21;01m.[39;00m[38;5;21;01msatdet[39;00m [38;5;28;01mimport[39;00m detsat, make_mask, update_dq
[1;32m     13[0m [38;5;28;01mfrom[39;00m [38;5;21;01mdrizzlepac[39;00m[38;5;21;01m.[39;00m[38;5;21;01mastrodrizzle[39;00m [38;5;28;01mimport[39;00m AstroDrizzle [38;5;28;01mas[39;00m adriz

[0;31mModuleNotFoundError[0m: No module named 'acstools'
ModuleNotFoundError: No module named 'acstools'

